<?xml version="1.0" encoding="UTF-8" ?>
<testsuite errors="1" failures="0" hostname="goodit-PC" name="org.jtaddeus.playground.ValidatorTest" skipped="0" tests="1" time="0.0" timestamp="2016-06-30T07:08:50">
  <properties>
    <property name="java.vendor" value="Oracle Corporation" />
    <property name="sun.java.launcher" value="SUN_STANDARD" />
    <property name="findbugs.lib.dir" value="C:\Program Files (x86)\Jenkins\workspace\demo\libs" />
    <property name="sun.management.compiler" value="HotSpot 64-Bit Tiered Compilers" />
    <property name="testclasses.dir" value="target/testclasses" />
    <property name="os.name" value="Windows 7" />
    <property name="sun.boot.class.path" value="C:\Program Files\Java\jdk1.7.0_79\jre\lib\resources.jar;C:\Program Files\Java\jdk1.7.0_79\jre\lib\rt.jar;C:\Program Files\Java\jdk1.7.0_79\jre\lib\sunrsasign.jar;C:\Program Files\Java\jdk1.7.0_79\jre\lib\jsse.jar;C:\Program Files\Java\jdk1.7.0_79\jre\lib\jce.jar;C:\Program Files\Java\jdk1.7.0_79\jre\lib\charsets.jar;C:\Program Files\Java\jdk1.7.0_79\jre\lib\jfr.jar;C:\Program Files\Java\jdk1.7.0_79\jre\classes" />
    <property name="sun.desktop" value="windows" />
    <property name="java.vm.specification.vendor" value="Oracle Corporation" />
    <property name="net.sourceforge.cobertura.datafile" value="C:\Program Files (x86)\Jenkins\workspace\demo\target\cobertura.ser" />
    <property name="ant.home" value="C:\Program Files (x86)\Jenkins\tools\hudson.tasks.Ant_AntInstallation\1.9.7" />
    <property name="java.runtime.version" value="1.7.0_79-b15" />
    <property name="user.name" value="GOODIT-PC$" />
    <property name="user.language" value="ko" />
    <property name="cobertura.datafile" value="target/cobertura.ser" />
    <property name="sun.boot.library.path" value="C:\Program Files\Java\jdk1.7.0_79\jre\bin" />
    <property name="reports.dir" value="target/reports" />
    <property name="ant.project.default-target" value="all" />
    <property name="report.findbugs.dir" value="C:\Program Files (x86)\Jenkins\workspace\demo\target\reports\findbugs" />
    <property name="ant.project.name" value="unittest-with-coverage-project" />
    <property name="java.version" value="1.7.0_79" />
    <property name="user.timezone" value="" />
    <property name="sun.arch.data.model" value="64" />
    <property name="java.endorsed.dirs" value="C:\Program Files\Java\jdk1.7.0_79\jre\lib\endorsed" />
    <property name="sun.cpu.isalist" value="amd64" />
    <property name="sun.jnu.encoding" value="MS949" />
    <property name="file.encoding.pkg" value="sun.io" />
    <property name="file.separator" value="\" />
    <property name="java.specification.name" value="Java Platform API Specification" />
    <property name="classes.dir" value="target/classes" />
    <property name="java.class.version" value="51.0" />
    <property name="user.country" value="KR" />
    <property name="java.home" value="C:\Program Files\Java\jdk1.7.0_79\jre" />
    <property name="java.vm.info" value="mixed mode" />
    <property name="ant.file" value="C:\Program Files (x86)\Jenkins\workspace\demo\build.xml" />
    <property name="os.version" value="6.1" />
    <property name="ant.file.type.unittest-with-coverage-project" value="file" />
    <property name="path.separator" value=";" />
    <property name="java.vm.version" value="24.79-b02" />
    <property name="user.variant" value="" />
    <property name="ant.library.dir" value="C:\Program Files (x86)\Jenkins\tools\hudson.tasks.Ant_AntInstallation\1.9.7\lib" />
    <property name="java.awt.printerjob" value="sun.awt.windows.WPrinterJob" />
    <property name="sun.io.unicode.encoding" value="UnicodeLittle" />
    <property name="awt.toolkit" value="sun.awt.windows.WToolkit" />
    <property name="user.script" value="" />
    <property name="user.home" value="C:\" />
    <property name="instrumentedclasses.dir" value="target/instrumentedclasses" />
    <property name="java.specification.vendor" value="Oracle Corporation" />
    <property name="test.dir" value="test" />
    <property name="java.library.path" value="C:\Program Files\Java\jdk1.7.0_79\jre\bin;C:\Windows\Sun\Java\bin;C:\Windows\system32;C:\Windows;C:\Program Files\Java\jdk1.7.0_79/bin;C:\Program Files\Java\jdk1.7.0_79/bin;C:\ProgramData\Oracle\Java\javapath;C:\Program Files\Common Files\Microsoft Shared\Windows Live;C:\Program Files (x86)\Common Files\Microsoft Shared\Windows Live;C:\Windows\system32;C:\Windows;C:\Windows\System32\Wbem;C:\Windows\System32\WindowsPowerShell\v1.0\;C:\Program Files (x86)\Windows Live\Shared;C:\Program Files\Intel\WiFi\bin\;C:\Program Files\Common Files\Intel\WirelessCommon\;C:\Program Files\WIDCOMM\Bluetooth Software\;C:\Program Files\WIDCOMM\Bluetooth Software\syswow64;C:\Program Files\Java\jdk1.7.0_79\bin;." />
    <property name="java.vendor.url" value="http://java.oracle.com/" />
    <property name="java.vm.vendor" value="Oracle Corporation" />
    <property name="ant.file.unittest-with-coverage-project" value="C:\Program Files (x86)\Jenkins\workspace\demo\build.xml" />
    <property name="java.runtime.name" value="Java(TM) SE Runtime Environment" />
    <property name="sun.java.command" value="org.apache.tools.ant.taskdefs.optional.junit.JUnitTestRunner org.jtaddeus.playground.ValidatorTest skipNonTests=false filtertrace=true haltOnError=false haltOnFailure=false formatter=org.apache.tools.ant.taskdefs.optional.junit.SummaryJUnitResultFormatter showoutput=true outputtoformatters=true logfailedtests=true threadid=0 logtestlistenerevents=false formatter=org.apache.tools.ant.taskdefs.optional.junit.XMLJUnitResultFormatter,C:\Program Files (x86)\Jenkins\workspace\demo\target\reports\junit\TEST-org.jtaddeus.playground.ValidatorTest.xml crashfile=C:\Program Files (x86)\Jenkins\workspace\demo\junitvmwatcher8589179354674209043.properties propsfile=C:\Program Files (x86)\Jenkins\workspace\demo\junit6014983451331811405.properties" />
    <property name="java.class.path" value="C:\Program Files (x86)\Jenkins\workspace\demo\target\testclasses;C:\Program Files (x86)\Jenkins\workspace\demo\target\instrumentedclasses;C:\Program Files (x86)\Jenkins\workspace\demo\libs\junit-4.11.jar;C:\Program Files (x86)\Jenkins\workspace\demo\libs\hamcrest-core-1.3.jar;C:\Program Files (x86)\Jenkins\workspace\demo\libs\log4j-1.2.9.jar;C:\Program Files (x86)\Jenkins\workspace\demo\libs\cobertura-2.1.1.jar;C:\Program Files (x86)\Jenkins\workspace\demo\libs\cobertura-dependencies\asm-5.0.1.jar;C:\Program Files (x86)\Jenkins\workspace\demo\libs\cobertura-dependencies\asm-analysis-5.0.1.jar;C:\Program Files (x86)\Jenkins\workspace\demo\libs\cobertura-dependencies\asm-commons-5.0.1.jar;C:\Program Files (x86)\Jenkins\workspace\demo\libs\cobertura-dependencies\asm-tree-5.0.1.jar;C:\Program Files (x86)\Jenkins\workspace\demo\libs\cobertura-dependencies\asm-util-5.0.1.jar;C:\Program Files (x86)\Jenkins\workspace\demo\libs\cobertura-dependencies\commons-lang3-3.3.2.jar;C:\Program Files (x86)\Jenkins\workspace\demo\libs\cobertura-dependencies\hamcrest-core-1.3.jar;C:\Program Files (x86)\Jenkins\workspace\demo\libs\cobertura-dependencies\jaxen-1.1.4.jar;C:\Program Files (x86)\Jenkins\workspace\demo\libs\cobertura-dependencies\jetty-6.1.14.jar;C:\Program Files (x86)\Jenkins\workspace\demo\libs\cobertura-dependencies\jetty-util-6.1.14.jar;C:\Program Files (x86)\Jenkins\workspace\demo\libs\cobertura-dependencies\junit-4.11.jar;C:\Program Files (x86)\Jenkins\workspace\demo\libs\cobertura-dependencies\logback-classic-1.0.13.jar;C:\Program Files (x86)\Jenkins\workspace\demo\libs\cobertura-dependencies\logback-core-1.0.13.jar;C:\Program Files (x86)\Jenkins\workspace\demo\libs\cobertura-dependencies\oro-2.0.8.jar;C:\Program Files (x86)\Jenkins\workspace\demo\libs\cobertura-dependencies\servlet-api-2.5-6.1.14.jar;C:\Program Files (x86)\Jenkins\workspace\demo\libs\cobertura-dependencies\slf4j-api-1.7.5.jar;C:\Program Files (x86)\Jenkins\tools\hudson.tasks.Ant_AntInstallation\1.9.7\lib\ant-launcher.jar;C:\Program Files (x86)\Jenkins\tools\hudson.tasks.Ant_AntInstallation\1.9.7\lib\ant.jar;C:\Program Files (x86)\Jenkins\tools\hudson.tasks.Ant_AntInstallation\1.9.7\lib\ant-junit.jar;C:\Program Files (x86)\Jenkins\tools\hudson.tasks.Ant_AntInstallation\1.9.7\lib\ant-junit4.jar" />
    <property name="ant.version" value="Apache Ant(TM) version 1.9.7 compiled on April 9 2016" />
    <property name="project.name" value="unittest-with-coverage-project" />
    <property name="libs.dir" value="libs" />
    <property name="java.vm.specification.name" value="Java Virtual Machine Specification" />
    <property name="ant.file.type" value="file" />
    <property name="java.vm.specification.version" value="1.7" />
    <property name="cobertura.reports.dir" value="target/reports/cobertura" />
    <property name="sun.cpu.endian" value="little" />
    <property name="sun.os.patch.level" value="Service Pack 1" />
    <property name="junit.reports.dir" value="target/reports/junit" />
    <property name="java.io.tmpdir" value="C:\Windows\TEMP\" />
    <property name="java.vendor.url.bug" value="http://bugreport.sun.com/bugreport/" />
    <property name="os.arch" value="amd64" />
    <property name="java.awt.graphicsenv" value="sun.awt.Win32GraphicsEnvironment" />
    <property name="java.ext.dirs" value="C:\Program Files\Java\jdk1.7.0_79\jre\lib\ext;C:\Windows\Sun\Java\lib\ext" />
    <property name="user.dir" value="C:\Program Files (x86)\Jenkins\workspace\demo" />
    <property name="line.separator" value="&#xd;&#xa;" />
    <property name="java.vm.name" value="Java HotSpot(TM) 64-Bit Server VM" />
    <property name="basedir" value="C:\Program Files (x86)\Jenkins\workspace\demo" />
    <property name="ant.java.version" value="1.7" />
    <property name="config.dir" value="config" />
    <property name="ant.core.lib" value="C:\Program Files (x86)\Jenkins\tools\hudson.tasks.Ant_AntInstallation\1.9.7\lib\ant.jar" />
    <property name="file.encoding" value="MS949" />
    <property name="target.dir" value="target" />
    <property name="report.checkstyle.dir" value="C:\Program Files (x86)\Jenkins\workspace\demo\target\reports\checkstyle" />
    <property name="java.specification.version" value="1.7" />
    <property name="src.dir" value="src" />
    <property name="ant.project.invoked-targets" value="test" />
  </properties>
  <error message="org.jtaddeus.playground.ValidatorTest" type="java.lang.ClassNotFoundException">java.lang.ClassNotFoundException: org.jtaddeus.playground.ValidatorTest
	at java.net.URLClassLoader$1.run(URLClassLoader.java:366)
	at java.net.URLClassLoader$1.run(URLClassLoader.java:355)
	at java.security.AccessController.doPrivileged(Native Method)
	at java.net.URLClassLoader.findClass(URLClassLoader.java:354)
	at java.lang.ClassLoader.loadClass(ClassLoader.java:425)
	at sun.misc.Launcher$AppClassLoader.loadClass(Launcher.java:308)
	at java.lang.ClassLoader.loadClass(ClassLoader.java:358)
	at java.lang.Class.forName0(Native Method)
	at java.lang.Class.forName(Class.java:191)
</error>
  <system-out><![CDATA[]]></system-out>
  <system-err><![CDATA[]]></system-err>
</testsuite>
